<?xml version="1.0" encoding="UTF-8"?>
<testng-results skipped="0" failed="0" ignored="0" total="1" passed="1">
  <reporter-output>
  </reporter-output>
  <suite name="Default suite" duration-ms="1085" started-at="2023-03-07T08:38:02 CST" finished-at="2023-03-07T08:38:03 CST">
    <groups>
    </groups>
    <test name="Default test" duration-ms="1085" started-at="2023-03-07T08:38:02 CST" finished-at="2023-03-07T08:38:03 CST">
      <class name="com.Reka.rest_assured_training.SoapXMLrequestNOTWORKING">
        <test-method status="PASS" signature="soapXML_Request()[pri:0, instance:com.Reka.rest_assured_training.SoapXMLrequestNOTWORKING@2f943d71]" name="soapXML_Request" duration-ms="1023" started-at="2023-03-07T08:38:02 CST" finished-at="2023-03-07T08:38:03 CST">
          <reporter-output>
          </reporter-output>
        </test-method> <!-- soapXML_Request -->
      </class> <!-- com.Reka.rest_assured_training.SoapXMLrequestNOTWORKING -->
    </test> <!-- Default test -->
  </suite> <!-- Default suite -->
</testng-results>
